=== T9 AWS Benchmark === 2026-06-04T01:33:38Z
Kubeconfig : ./cnpg11-kubeconfig.yaml
Region     : us-east-1
Buckets    : cnpg11-barman  cnpg11-opera  cnpg11-dalibo
Run dir    : /home/ubuntu/projects/backups/runs/20260604T013336-full
Results    : /home/ubuntu/projects/backups/runs/20260604T013336-full/results.tsv

Pre-run cleanup...
  Deleting all clusters and backups...
backup.postgresql.cnpg.io "barman-j1-1" deleted from default namespace
backup.postgresql.cnpg.io "barman-j32-1" deleted from default namespace
backup.postgresql.cnpg.io "barman-j8-1" deleted from default namespace
backup.postgresql.cnpg.io "dalibo-j1-1" deleted from default namespace
backup.postgresql.cnpg.io "init-barman-1" deleted from default namespace
backup.postgresql.cnpg.io "init-dalibo-1" deleted from default namespace
backup.postgresql.cnpg.io "init-opera-1" deleted from default namespace
backup.postgresql.cnpg.io "opera-j1-1" deleted from default namespace
backup.postgresql.cnpg.io "opera-j32-1" deleted from default namespace
backup.postgresql.cnpg.io "opera-j8-1" deleted from default namespace
No resources found
  Waiting for all pods to terminate...
  Waiting for all PVCs to be deleted and disk reclaimed...
  Clearing S3 buckets...
  cnpg11-barman already empty
  cnpg11-opera already empty
  cleared cnpg11-dalibo (2590 objects)
  Pre-run cleanup done

── Installing CNPG...
namespace/cnpg-system serverside-applied
customresourcedefinition.apiextensions.k8s.io/backups.postgresql.cnpg.io serverside-applied
customresourcedefinition.apiextensions.k8s.io/clusterimagecatalogs.postgresql.cnpg.io serverside-applied
customresourcedefinition.apiextensions.k8s.io/clusters.postgresql.cnpg.io serverside-applied
customresourcedefinition.apiextensions.k8s.io/databases.postgresql.cnpg.io serverside-applied
customresourcedefinition.apiextensions.k8s.io/failoverquorums.postgresql.cnpg.io serverside-applied
customresourcedefinition.apiextensions.k8s.io/imagecatalogs.postgresql.cnpg.io serverside-applied
customresourcedefinition.apiextensions.k8s.io/poolers.postgresql.cnpg.io serverside-applied
customresourcedefinition.apiextensions.k8s.io/publications.postgresql.cnpg.io serverside-applied
customresourcedefinition.apiextensions.k8s.io/scheduledbackups.postgresql.cnpg.io serverside-applied
customresourcedefinition.apiextensions.k8s.io/subscriptions.postgresql.cnpg.io serverside-applied
serviceaccount/cnpg-manager serverside-applied
clusterrole.rbac.authorization.k8s.io/cnpg-database-editor-role serverside-applied
clusterrole.rbac.authorization.k8s.io/cnpg-database-viewer-role serverside-applied
clusterrole.rbac.authorization.k8s.io/cnpg-manager serverside-applied
clusterrole.rbac.authorization.k8s.io/cnpg-publication-editor-role serverside-applied
clusterrole.rbac.authorization.k8s.io/cnpg-publication-viewer-role serverside-applied
clusterrole.rbac.authorization.k8s.io/cnpg-subscription-editor-role serverside-applied
clusterrole.rbac.authorization.k8s.io/cnpg-subscription-viewer-role serverside-applied
clusterrolebinding.rbac.authorization.k8s.io/cnpg-manager-rolebinding serverside-applied
configmap/cnpg-default-monitoring serverside-applied
service/cnpg-webhook-service serverside-applied
deployment.apps/cnpg-controller-manager serverside-applied
mutatingwebhookconfiguration.admissionregistration.k8s.io/cnpg-mutating-webhook-configuration serverside-applied
validatingwebhookconfiguration.admissionregistration.k8s.io/cnpg-validating-webhook-configuration serverside-applied
deployment "cnpg-controller-manager" successfully rolled out
── Installing cert-manager...
namespace/cert-manager unchanged
customresourcedefinition.apiextensions.k8s.io/challenges.acme.cert-manager.io unchanged
customresourcedefinition.apiextensions.k8s.io/orders.acme.cert-manager.io unchanged
customresourcedefinition.apiextensions.k8s.io/certificaterequests.cert-manager.io unchanged
customresourcedefinition.apiextensions.k8s.io/certificates.cert-manager.io unchanged
customresourcedefinition.apiextensions.k8s.io/clusterissuers.cert-manager.io unchanged
customresourcedefinition.apiextensions.k8s.io/issuers.cert-manager.io unchanged
serviceaccount/cert-manager-cainjector unchanged
serviceaccount/cert-manager unchanged
serviceaccount/cert-manager-webhook unchanged
clusterrole.rbac.authorization.k8s.io/cert-manager-cainjector unchanged
clusterrole.rbac.authorization.k8s.io/cert-manager-controller-issuers unchanged
clusterrole.rbac.authorization.k8s.io/cert-manager-controller-clusterissuers unchanged
clusterrole.rbac.authorization.k8s.io/cert-manager-controller-certificates unchanged
clusterrole.rbac.authorization.k8s.io/cert-manager-controller-orders unchanged
clusterrole.rbac.authorization.k8s.io/cert-manager-controller-challenges unchanged
clusterrole.rbac.authorization.k8s.io/cert-manager-controller-ingress-shim unchanged
clusterrole.rbac.authorization.k8s.io/cert-manager-cluster-view unchanged
clusterrole.rbac.authorization.k8s.io/cert-manager-view unchanged
clusterrole.rbac.authorization.k8s.io/cert-manager-edit unchanged
clusterrole.rbac.authorization.k8s.io/cert-manager-controller-approve:cert-manager-io unchanged
clusterrole.rbac.authorization.k8s.io/cert-manager-controller-certificatesigningrequests unchanged
clusterrole.rbac.authorization.k8s.io/cert-manager-webhook:subjectaccessreviews unchanged
clusterrolebinding.rbac.authorization.k8s.io/cert-manager-cainjector unchanged
clusterrolebinding.rbac.authorization.k8s.io/cert-manager-controller-issuers unchanged
clusterrolebinding.rbac.authorization.k8s.io/cert-manager-controller-clusterissuers unchanged
clusterrolebinding.rbac.authorization.k8s.io/cert-manager-controller-certificates unchanged
clusterrolebinding.rbac.authorization.k8s.io/cert-manager-controller-orders unchanged
clusterrolebinding.rbac.authorization.k8s.io/cert-manager-controller-challenges unchanged
clusterrolebinding.rbac.authorization.k8s.io/cert-manager-controller-ingress-shim unchanged
clusterrolebinding.rbac.authorization.k8s.io/cert-manager-controller-approve:cert-manager-io unchanged
clusterrolebinding.rbac.authorization.k8s.io/cert-manager-controller-certificatesigningrequests unchanged
clusterrolebinding.rbac.authorization.k8s.io/cert-manager-webhook:subjectaccessreviews unchanged
role.rbac.authorization.k8s.io/cert-manager-cainjector:leaderelection unchanged
role.rbac.authorization.k8s.io/cert-manager:leaderelection unchanged
role.rbac.authorization.k8s.io/cert-manager-tokenrequest unchanged
role.rbac.authorization.k8s.io/cert-manager-webhook:dynamic-serving unchanged
rolebinding.rbac.authorization.k8s.io/cert-manager-cainjector:leaderelection unchanged
rolebinding.rbac.authorization.k8s.io/cert-manager:leaderelection unchanged
rolebinding.rbac.authorization.k8s.io/cert-manager-tokenrequest unchanged
rolebinding.rbac.authorization.k8s.io/cert-manager-webhook:dynamic-serving unchanged
service/cert-manager-cainjector unchanged
service/cert-manager unchanged
service/cert-manager-webhook unchanged
deployment.apps/cert-manager-cainjector unchanged
deployment.apps/cert-manager unchanged
deployment.apps/cert-manager-webhook unchanged
mutatingwebhookconfiguration.admissionregistration.k8s.io/cert-manager-webhook configured
validatingwebhookconfiguration.admissionregistration.k8s.io/cert-manager-webhook configured
deployment "cert-manager" successfully rolled out
deployment "cert-manager-webhook" successfully rolled out
── Patching Dalibo manifest (unique role/service names)...
── Installing plugins (Barman, Opera, Dalibo)...
customresourcedefinition.apiextensions.k8s.io/objectstores.barmancloud.cnpg.io unchanged
serviceaccount/plugin-barman-cloud unchanged
role.rbac.authorization.k8s.io/barman-plugin-leader-election-role unchanged
clusterrole.rbac.authorization.k8s.io/barman-plugin-metrics-auth-role unchanged
clusterrole.rbac.authorization.k8s.io/barman-plugin-metrics-reader unchanged
clusterrole.rbac.authorization.k8s.io/barman-plugin-objectstore-editor-role unchanged
clusterrole.rbac.authorization.k8s.io/barman-plugin-objectstore-viewer-role unchanged
clusterrole.rbac.authorization.k8s.io/plugin-barman-cloud unchanged
rolebinding.rbac.authorization.k8s.io/barman-plugin-leader-election-rolebinding unchanged
clusterrolebinding.rbac.authorization.k8s.io/barman-plugin-metrics-auth-rolebinding unchanged
clusterrolebinding.rbac.authorization.k8s.io/plugin-barman-cloud-binding unchanged
secret/plugin-barman-cloud-kg5c2795f7 configured
service/barman-cloud unchanged
deployment.apps/barman-cloud unchanged
certificate.cert-manager.io/barman-cloud-client unchanged
certificate.cert-manager.io/barman-cloud-server unchanged
issuer.cert-manager.io/selfsigned-issuer unchanged
customresourcedefinition.apiextensions.k8s.io/archives.pgbackrest.cnpg.opera.com unchanged
serviceaccount/plugin-pgbackrest unchanged
role.rbac.authorization.k8s.io/leader-election-role unchanged
clusterrole.rbac.authorization.k8s.io/archive-editor-role unchanged
clusterrole.rbac.authorization.k8s.io/archive-viewer-role unchanged
clusterrole.rbac.authorization.k8s.io/metrics-auth-role unchanged
clusterrole.rbac.authorization.k8s.io/metrics-reader unchanged
clusterrole.rbac.authorization.k8s.io/plugin-pgbackrest unchanged
rolebinding.rbac.authorization.k8s.io/leader-election-rolebinding unchanged
clusterrolebinding.rbac.authorization.k8s.io/metrics-auth-rolebinding configured
clusterrolebinding.rbac.authorization.k8s.io/plugin-pgbackrest-binding unchanged
secret/plugin-pgbackrest-69km82cfhg unchanged
service/pgbackrest unchanged
deployment.apps/pgbackrest configured
certificate.cert-manager.io/pgbackrest-client unchanged
certificate.cert-manager.io/pgbackrest-server unchanged
issuer.cert-manager.io/selfsigned-issuer unchanged
customresourcedefinition.apiextensions.k8s.io/pluginconfigs.pgbackrest.dalibo.com unchanged
customresourcedefinition.apiextensions.k8s.io/stanzas.pgbackrest.dalibo.com unchanged
serviceaccount/pgbackrest-controller unchanged
role.rbac.authorization.k8s.io/dalibo-leader-election-role unchanged
clusterrole.rbac.authorization.k8s.io/metrics-auth-role unchanged
clusterrole.rbac.authorization.k8s.io/metrics-reader unchanged
clusterrole.rbac.authorization.k8s.io/pgbackrest-controller unchanged
clusterrole.rbac.authorization.k8s.io/stanza-admin-role unchanged
clusterrole.rbac.authorization.k8s.io/stanza-editor-role unchanged
clusterrole.rbac.authorization.k8s.io/stanza-viewer-role unchanged
rolebinding.rbac.authorization.k8s.io/dalibo-leader-election-rolebinding unchanged
clusterrolebinding.rbac.authorization.k8s.io/metrics-auth-rolebinding configured
clusterrolebinding.rbac.authorization.k8s.io/pgbackrest-controller-binding unchanged
secret/plugin-pgbackrest-t97787c98t configured
service/pgbackrest-dalibo unchanged
deployment.apps/pgbackrest-controller unchanged
certificate.cert-manager.io/pgbackrest-controller-client unchanged
certificate.cert-manager.io/pgbackrest-controller-server unchanged
issuer.cert-manager.io/selfsigned-issuer unchanged
deployment "barman-cloud" successfully rolled out
deployment "pgbackrest" successfully rolled out
deployment "pgbackrest-controller" successfully rolled out
── Creating S3 credentials secret...
secret/s3-creds unchanged
── Creating plugin object store configs...
objectstore.barmancloud.cnpg.io/barman-store unchanged
archive.pgbackrest.cnpg.opera.com/opera-archive configured
stanza.pgbackrest.dalibo.com/dalibo-stanza configured
Bootstrap complete.


════════════════════════════════════════════
SIZE: 128GB  (SF=8600)
════════════════════════════════════════════
  Creating source cluster (no plugin — plugin attached after pgbench init)...
cluster.postgresql.cnpg.io/src-pg created
cluster.postgresql.cnpg.io/src-pg condition met
  Source cluster ready
  pgbench init 128GB... 2026-06-04T01:35:50Z
DROP TABLE
  pgbench init done: 126GB 2026-06-04T01:46:33Z
19/C6E40960

  ── barman ────────────────────────────────── 2026-06-04T01:46:35Z
  Clearing S3 buckets...
  cnpg11-barman already empty
  cnpg11-opera already empty
  cnpg11-dalibo already empty
  Attaching barman plugin to source cluster...
cluster.postgresql.cnpg.io/src-pg patched
cluster.postgresql.cnpg.io/src-pg condition met
  Plugin attached
backup.postgresql.cnpg.io/init-barman-128 created
  init-barman-128: done

    Patching jobs=1...
objectstore.barmancloud.cnpg.io/barman-store patched (no change)

  BACKUP 128GB barman jobs=1... 2026-06-04T01:52:09Z
pod/stats-collector created
pod/stats-collector condition met
/bin/vmstat
/usr/bin/pidstat
backup.postgresql.cnpg.io/barman-j1-128 created
pod "stats-collector" deleted from kube-system namespace
    -> 229s 2026-06-04T01:56:11Z

    Patching jobs=8...
objectstore.barmancloud.cnpg.io/barman-store patched

  BACKUP 128GB barman jobs=8... 2026-06-04T01:57:27Z
pod/stats-collector created
pod/stats-collector condition met
/bin/vmstat
/usr/bin/pidstat
backup.postgresql.cnpg.io/barman-j8-128 created
pod "stats-collector" deleted from kube-system namespace
    -> 122s 2026-06-04T01:59:42Z

    Patching jobs=32...
objectstore.barmancloud.cnpg.io/barman-store patched

  BACKUP 128GB barman jobs=32... 2026-06-04T02:00:59Z
pod/stats-collector created
pod/stats-collector condition met
/bin/vmstat
/usr/bin/pidstat
backup.postgresql.cnpg.io/barman-j32-128 created
pod "stats-collector" deleted from kube-system namespace
    -> 123s 2026-06-04T02:03:15Z

    Patching jobs=64...
objectstore.barmancloud.cnpg.io/barman-store patched

  BACKUP 128GB barman jobs=64... 2026-06-04T02:04:31Z
pod/stats-collector created
pod/stats-collector condition met
/bin/vmstat
/usr/bin/pidstat
backup.postgresql.cnpg.io/barman-j64-128 created
pod "stats-collector" deleted from kube-system namespace
    -> 122s 2026-06-04T02:06:47Z

    Patching jobs=128...
objectstore.barmancloud.cnpg.io/barman-store patched

  BACKUP 128GB barman jobs=128... 2026-06-04T02:08:04Z
pod/stats-collector created
pod/stats-collector condition met
/bin/vmstat
/usr/bin/pidstat
backup.postgresql.cnpg.io/barman-j128-128 created
pod "stats-collector" deleted from kube-system namespace
    -> 117s 2026-06-04T02:10:14Z
  Using backupID: 20260604T020819 (from barman-j128-128)

  RESTORE 128GB barman jobs=1... 2026-06-04T02:11:15Z
cluster.postgresql.cnpg.io/rst-barman-j1-128 created
pod/stats-collector created
pod/stats-collector condition met
/bin/vmstat
/usr/bin/pidstat
cluster.postgresql.cnpg.io/rst-barman-j1-128 condition met
pod "stats-collector" deleted from kube-system namespace
    -> 439s 2026-06-04T02:18:46Z
  Deleting cluster rst-barman-j1-128...
cluster.postgresql.cnpg.io "rst-barman-j1-128" deleted from default namespace
pod/rst-barman-j1-128-1 condition met
  Cluster rst-barman-j1-128 deleted
objectstore.barmancloud.cnpg.io/barman-store patched
archive.pgbackrest.cnpg.opera.com/opera-archive patched (no change)

  ── opera ────────────────────────────────── 2026-06-04T02:19:58Z
  Clearing S3 buckets...
  cleared cnpg11-barman (37 objects)
  cnpg11-opera already empty
  cnpg11-dalibo already empty
  Attaching opera plugin to source cluster...
cluster.postgresql.cnpg.io/src-pg patched
cluster.postgresql.cnpg.io/src-pg condition met
  Plugin attached
  Restarting Opera pod to clear stale locks...
pod "src-pg-1" deleted from default namespace
cluster.postgresql.cnpg.io/src-pg condition met
  Opera pod restarted (stanza-create will run during init backup)
backup.postgresql.cnpg.io/init-opera-128 created
  init-opera-128: done

    Patching jobs=1...
archive.pgbackrest.cnpg.opera.com/opera-archive patched (no change)

  BACKUP 128GB opera jobs=1... 2026-06-04T02:31:20Z
pod/stats-collector created
pod/stats-collector condition met
/bin/vmstat
/usr/bin/pidstat
backup.postgresql.cnpg.io/opera-j1-128 created
pod "stats-collector" deleted from kube-system namespace
    -> 542s 2026-06-04T02:40:35Z

    Patching jobs=8...
archive.pgbackrest.cnpg.opera.com/opera-archive patched

  BACKUP 128GB opera jobs=8... 2026-06-04T02:41:52Z
pod/stats-collector created
pod/stats-collector condition met
/bin/vmstat
/usr/bin/pidstat
backup.postgresql.cnpg.io/opera-j8-128 created
pod "stats-collector" deleted from kube-system namespace
    -> 79s 2026-06-04T02:43:25Z

    Patching jobs=32...
archive.pgbackrest.cnpg.opera.com/opera-archive patched

  BACKUP 128GB opera jobs=32... 2026-06-04T02:44:41Z
pod/stats-collector created
pod/stats-collector condition met
/bin/vmstat
/usr/bin/pidstat
backup.postgresql.cnpg.io/opera-j32-128 created
pod "stats-collector" deleted from kube-system namespace
    -> 36s 2026-06-04T02:45:30Z

    Patching jobs=64...
archive.pgbackrest.cnpg.opera.com/opera-archive patched

  BACKUP 128GB opera jobs=64... 2026-06-04T02:46:46Z
pod/stats-collector created
pod/stats-collector condition met
/bin/vmstat
/usr/bin/pidstat
backup.postgresql.cnpg.io/opera-j64-128 created
pod "stats-collector" deleted from kube-system namespace
    -> 23s 2026-06-04T02:47:23Z

    Patching jobs=128...
archive.pgbackrest.cnpg.opera.com/opera-archive patched

  BACKUP 128GB opera jobs=128... 2026-06-04T02:48:39Z
pod/stats-collector created
pod/stats-collector condition met
/bin/vmstat
/usr/bin/pidstat
backup.postgresql.cnpg.io/opera-j128-128 created
pod "stats-collector" deleted from kube-system namespace
    -> 30s 2026-06-04T02:49:22Z
  Using backupID: 20260604-024855F (from opera-j128-128)

  RESTORE 128GB opera jobs=1... 2026-06-04T02:50:24Z
cluster.postgresql.cnpg.io/rst-opera-j1-128 created
pod/stats-collector created
pod/stats-collector condition met
/bin/vmstat
/usr/bin/pidstat
cluster.postgresql.cnpg.io/rst-opera-j1-128 condition met
pod "stats-collector" deleted from kube-system namespace
    -> 741s 2026-06-04T03:02:58Z
  Deleting cluster rst-opera-j1-128...
cluster.postgresql.cnpg.io "rst-opera-j1-128" deleted from default namespace
pod/rst-opera-j1-128-1 condition met
  Cluster rst-opera-j1-128 deleted
archive.pgbackrest.cnpg.opera.com/opera-archive patched

  RESTORE 128GB opera jobs=8... 2026-06-04T03:04:24Z
cluster.postgresql.cnpg.io/rst-opera-j8-128 created
pod/stats-collector created
pod/stats-collector condition met
/bin/vmstat
/usr/bin/pidstat
cluster.postgresql.cnpg.io/rst-opera-j8-128 condition met
pod "stats-collector" deleted from kube-system namespace
    -> 212s 2026-06-04T03:08:09Z
  Deleting cluster rst-opera-j8-128...
cluster.postgresql.cnpg.io "rst-opera-j8-128" deleted from default namespace
pod/rst-opera-j8-128-1 condition met
  Cluster rst-opera-j8-128 deleted
archive.pgbackrest.cnpg.opera.com/opera-archive patched

  RESTORE 128GB opera jobs=32... 2026-06-04T03:09:35Z
cluster.postgresql.cnpg.io/rst-opera-j32-128 created
pod/stats-collector created
pod/stats-collector condition met
/bin/vmstat
/usr/bin/pidstat
cluster.postgresql.cnpg.io/rst-opera-j32-128 condition met
pod "stats-collector" deleted from kube-system namespace
    -> 171s 2026-06-04T03:12:39Z
  Deleting cluster rst-opera-j32-128...
cluster.postgresql.cnpg.io "rst-opera-j32-128" deleted from default namespace
pod/rst-opera-j32-128-1 condition met
  Cluster rst-opera-j32-128 deleted
archive.pgbackrest.cnpg.opera.com/opera-archive patched

  RESTORE 128GB opera jobs=64... 2026-06-04T03:14:05Z
cluster.postgresql.cnpg.io/rst-opera-j64-128 created
pod/stats-collector created
pod/stats-collector condition met
/bin/vmstat
/usr/bin/pidstat
cluster.postgresql.cnpg.io/rst-opera-j64-128 condition met
pod "stats-collector" deleted from kube-system namespace
    -> 167s 2026-06-04T03:17:05Z
  Deleting cluster rst-opera-j64-128...
cluster.postgresql.cnpg.io "rst-opera-j64-128" deleted from default namespace
pod/rst-opera-j64-128-1 condition met
  Cluster rst-opera-j64-128 deleted
archive.pgbackrest.cnpg.opera.com/opera-archive patched

  RESTORE 128GB opera jobs=128... 2026-06-04T03:18:31Z
cluster.postgresql.cnpg.io/rst-opera-j128-128 created
pod/stats-collector created
pod/stats-collector condition met
/bin/vmstat
/usr/bin/pidstat
cluster.postgresql.cnpg.io/rst-opera-j128-128 condition met
pod "stats-collector" deleted from kube-system namespace
    -> 169s 2026-06-04T03:21:33Z
  Deleting cluster rst-opera-j128-128...
cluster.postgresql.cnpg.io "rst-opera-j128-128" deleted from default namespace
pod/rst-opera-j128-128-1 condition met
  Cluster rst-opera-j128-128 deleted
objectstore.barmancloud.cnpg.io/barman-store patched (no change)
archive.pgbackrest.cnpg.opera.com/opera-archive patched

  ── dalibo ────────────────────────────────── 2026-06-04T03:22:45Z
  Clearing S3 buckets...
  cnpg11-barman already empty
  cleared cnpg11-opera (8492 objects)
  cnpg11-dalibo already empty
  Attaching dalibo plugin to source cluster...
cluster.postgresql.cnpg.io/src-pg patched
cluster.postgresql.cnpg.io/src-pg condition met
  Plugin attached
  Restarting Dalibo pod to reset stanza state...
pod "src-pg-1" deleted from default namespace
cluster.postgresql.cnpg.io/src-pg condition met
19/EA001158
  Waiting for Dalibo ContinuousArchiving=True (up to 15 min)...
  Dalibo archiving healthy
backup.postgresql.cnpg.io/init-dalibo-128 created
  init-dalibo-128: done

    Patching jobs=1...

  BACKUP 128GB dalibo jobs=1... 2026-06-04T03:35:56Z
pod/stats-collector created
pod/stats-collector condition met
/bin/vmstat
/usr/bin/pidstat
backup.postgresql.cnpg.io/dalibo-j1-128 created
pod "stats-collector" deleted from kube-system namespace
    -> 527s 2026-06-04T03:44:57Z
  Using backupID: 20260604-033611F (from dalibo-j1-128)

  RESTORE 128GB dalibo jobs=1... 2026-06-04T03:45:58Z
cluster.postgresql.cnpg.io/rst-dalibo-j1-128 created
pod/stats-collector created
pod/stats-collector condition met
/bin/vmstat
/usr/bin/pidstat
cluster.postgresql.cnpg.io/rst-dalibo-j1-128 condition met
pod "stats-collector" deleted from kube-system namespace
    -> 782s 2026-06-04T03:59:14Z
  Deleting cluster rst-dalibo-j1-128...
cluster.postgresql.cnpg.io "rst-dalibo-j1-128" deleted from default namespace
pod/rst-dalibo-j1-128-1 condition met
  Cluster rst-dalibo-j1-128 deleted
objectstore.barmancloud.cnpg.io/barman-store patched (no change)
archive.pgbackrest.cnpg.opera.com/opera-archive patched (no change)
  Deleting cluster src-pg...
cluster.postgresql.cnpg.io "src-pg" deleted from default namespace
pod/src-pg-1 condition met
  Cluster src-pg deleted

════════════════════════════════════════════
T9 COMPLETE — 2026-06-04T04:00:38Z
════════════════════════════════════════════

Results:
size_gb  plugin  jobs  operation  time_sec
128      barman  1     backup     229
128      barman  8     backup     122
128      barman  32    backup     123
128      barman  64    backup     122
128      barman  128   backup     117
128      barman  1     restore    439
128      opera   1     backup     542
128      opera   8     backup     79
128      opera   32    backup     36
128      opera   64    backup     23
128      opera   128   backup     30
128      opera   1     restore    741
128      opera   8     restore    212
128      opera   32    restore    171
128      opera   64    restore    167
128      opera   128   restore    169
128      dalibo  1     backup     527
128      dalibo  1     restore    782

Per-run iostat/vmstat: /home/ubuntu/projects/backups/runs/20260604T013336-full/stats
