=== T9 AWS Benchmark === 2026-06-04T01:49:26Z
Kubeconfig : ./cnpg12-kubeconfig.yaml
Region     : us-west-2
Buckets    : cnpg12-barman  cnpg12-opera  cnpg12-dalibo
Run dir    : /home/ubuntu/projects/backups/runs/20260604T014924-full
Results    : /home/ubuntu/projects/backups/runs/20260604T014924-full/results.tsv

Pre-run cleanup...
  Deleting all clusters and backups...
No resources found
cluster.postgresql.cnpg.io "src-pg" deleted from default namespace
  Waiting for all pods to terminate...
pod/src-pg-1 condition met
  Waiting for all PVCs to be deleted and disk reclaimed...
  Clearing S3 buckets...
  cnpg12-barman already empty
  cnpg12-opera already empty
  cnpg12-dalibo already empty
  Pre-run cleanup done

── Installing CNPG...
namespace/cnpg-system serverside-applied
customresourcedefinition.apiextensions.k8s.io/backups.postgresql.cnpg.io serverside-applied
customresourcedefinition.apiextensions.k8s.io/clusterimagecatalogs.postgresql.cnpg.io serverside-applied
customresourcedefinition.apiextensions.k8s.io/clusters.postgresql.cnpg.io serverside-applied
customresourcedefinition.apiextensions.k8s.io/databases.postgresql.cnpg.io serverside-applied
customresourcedefinition.apiextensions.k8s.io/failoverquorums.postgresql.cnpg.io serverside-applied
customresourcedefinition.apiextensions.k8s.io/imagecatalogs.postgresql.cnpg.io serverside-applied
customresourcedefinition.apiextensions.k8s.io/poolers.postgresql.cnpg.io serverside-applied
customresourcedefinition.apiextensions.k8s.io/publications.postgresql.cnpg.io serverside-applied
customresourcedefinition.apiextensions.k8s.io/scheduledbackups.postgresql.cnpg.io serverside-applied
customresourcedefinition.apiextensions.k8s.io/subscriptions.postgresql.cnpg.io serverside-applied
serviceaccount/cnpg-manager serverside-applied
clusterrole.rbac.authorization.k8s.io/cnpg-database-editor-role serverside-applied
clusterrole.rbac.authorization.k8s.io/cnpg-database-viewer-role serverside-applied
clusterrole.rbac.authorization.k8s.io/cnpg-manager serverside-applied
clusterrole.rbac.authorization.k8s.io/cnpg-publication-editor-role serverside-applied
clusterrole.rbac.authorization.k8s.io/cnpg-publication-viewer-role serverside-applied
clusterrole.rbac.authorization.k8s.io/cnpg-subscription-editor-role serverside-applied
clusterrole.rbac.authorization.k8s.io/cnpg-subscription-viewer-role serverside-applied
clusterrolebinding.rbac.authorization.k8s.io/cnpg-manager-rolebinding serverside-applied
configmap/cnpg-default-monitoring serverside-applied
service/cnpg-webhook-service serverside-applied
deployment.apps/cnpg-controller-manager serverside-applied
mutatingwebhookconfiguration.admissionregistration.k8s.io/cnpg-mutating-webhook-configuration serverside-applied
validatingwebhookconfiguration.admissionregistration.k8s.io/cnpg-validating-webhook-configuration serverside-applied
deployment "cnpg-controller-manager" successfully rolled out
── Installing cert-manager...
namespace/cert-manager unchanged
customresourcedefinition.apiextensions.k8s.io/challenges.acme.cert-manager.io unchanged
customresourcedefinition.apiextensions.k8s.io/orders.acme.cert-manager.io unchanged
customresourcedefinition.apiextensions.k8s.io/certificaterequests.cert-manager.io unchanged
customresourcedefinition.apiextensions.k8s.io/certificates.cert-manager.io unchanged
customresourcedefinition.apiextensions.k8s.io/clusterissuers.cert-manager.io unchanged
customresourcedefinition.apiextensions.k8s.io/issuers.cert-manager.io unchanged
serviceaccount/cert-manager-cainjector unchanged
serviceaccount/cert-manager unchanged
serviceaccount/cert-manager-webhook unchanged
clusterrole.rbac.authorization.k8s.io/cert-manager-cainjector unchanged
clusterrole.rbac.authorization.k8s.io/cert-manager-controller-issuers unchanged
clusterrole.rbac.authorization.k8s.io/cert-manager-controller-clusterissuers unchanged
clusterrole.rbac.authorization.k8s.io/cert-manager-controller-certificates unchanged
clusterrole.rbac.authorization.k8s.io/cert-manager-controller-orders unchanged
clusterrole.rbac.authorization.k8s.io/cert-manager-controller-challenges unchanged
clusterrole.rbac.authorization.k8s.io/cert-manager-controller-ingress-shim unchanged
clusterrole.rbac.authorization.k8s.io/cert-manager-cluster-view unchanged
clusterrole.rbac.authorization.k8s.io/cert-manager-view unchanged
clusterrole.rbac.authorization.k8s.io/cert-manager-edit unchanged
clusterrole.rbac.authorization.k8s.io/cert-manager-controller-approve:cert-manager-io unchanged
clusterrole.rbac.authorization.k8s.io/cert-manager-controller-certificatesigningrequests unchanged
clusterrole.rbac.authorization.k8s.io/cert-manager-webhook:subjectaccessreviews unchanged
clusterrolebinding.rbac.authorization.k8s.io/cert-manager-cainjector unchanged
clusterrolebinding.rbac.authorization.k8s.io/cert-manager-controller-issuers unchanged
clusterrolebinding.rbac.authorization.k8s.io/cert-manager-controller-clusterissuers unchanged
clusterrolebinding.rbac.authorization.k8s.io/cert-manager-controller-certificates unchanged
clusterrolebinding.rbac.authorization.k8s.io/cert-manager-controller-orders unchanged
clusterrolebinding.rbac.authorization.k8s.io/cert-manager-controller-challenges unchanged
clusterrolebinding.rbac.authorization.k8s.io/cert-manager-controller-ingress-shim unchanged
clusterrolebinding.rbac.authorization.k8s.io/cert-manager-controller-approve:cert-manager-io unchanged
clusterrolebinding.rbac.authorization.k8s.io/cert-manager-controller-certificatesigningrequests unchanged
clusterrolebinding.rbac.authorization.k8s.io/cert-manager-webhook:subjectaccessreviews unchanged
role.rbac.authorization.k8s.io/cert-manager-cainjector:leaderelection unchanged
role.rbac.authorization.k8s.io/cert-manager:leaderelection unchanged
role.rbac.authorization.k8s.io/cert-manager-tokenrequest unchanged
role.rbac.authorization.k8s.io/cert-manager-webhook:dynamic-serving unchanged
rolebinding.rbac.authorization.k8s.io/cert-manager-cainjector:leaderelection unchanged
rolebinding.rbac.authorization.k8s.io/cert-manager:leaderelection unchanged
rolebinding.rbac.authorization.k8s.io/cert-manager-tokenrequest unchanged
rolebinding.rbac.authorization.k8s.io/cert-manager-webhook:dynamic-serving unchanged
service/cert-manager-cainjector unchanged
service/cert-manager unchanged
service/cert-manager-webhook unchanged
deployment.apps/cert-manager-cainjector unchanged
deployment.apps/cert-manager unchanged
deployment.apps/cert-manager-webhook unchanged
mutatingwebhookconfiguration.admissionregistration.k8s.io/cert-manager-webhook configured
validatingwebhookconfiguration.admissionregistration.k8s.io/cert-manager-webhook configured
deployment "cert-manager" successfully rolled out
deployment "cert-manager-webhook" successfully rolled out
── Patching Dalibo manifest (unique role/service names)...
── Installing plugins (Barman, Opera, Dalibo)...
customresourcedefinition.apiextensions.k8s.io/objectstores.barmancloud.cnpg.io unchanged
serviceaccount/plugin-barman-cloud unchanged
role.rbac.authorization.k8s.io/barman-plugin-leader-election-role unchanged
clusterrole.rbac.authorization.k8s.io/barman-plugin-metrics-auth-role unchanged
clusterrole.rbac.authorization.k8s.io/barman-plugin-metrics-reader unchanged
clusterrole.rbac.authorization.k8s.io/barman-plugin-objectstore-editor-role unchanged
clusterrole.rbac.authorization.k8s.io/barman-plugin-objectstore-viewer-role unchanged
clusterrole.rbac.authorization.k8s.io/plugin-barman-cloud unchanged
rolebinding.rbac.authorization.k8s.io/barman-plugin-leader-election-rolebinding unchanged
clusterrolebinding.rbac.authorization.k8s.io/barman-plugin-metrics-auth-rolebinding unchanged
clusterrolebinding.rbac.authorization.k8s.io/plugin-barman-cloud-binding unchanged
secret/plugin-barman-cloud-kg5c2795f7 configured
service/barman-cloud unchanged
deployment.apps/barman-cloud unchanged
certificate.cert-manager.io/barman-cloud-client unchanged
certificate.cert-manager.io/barman-cloud-server unchanged
issuer.cert-manager.io/selfsigned-issuer unchanged
customresourcedefinition.apiextensions.k8s.io/archives.pgbackrest.cnpg.opera.com unchanged
serviceaccount/plugin-pgbackrest unchanged
role.rbac.authorization.k8s.io/leader-election-role unchanged
clusterrole.rbac.authorization.k8s.io/archive-editor-role unchanged
clusterrole.rbac.authorization.k8s.io/archive-viewer-role unchanged
clusterrole.rbac.authorization.k8s.io/metrics-auth-role unchanged
clusterrole.rbac.authorization.k8s.io/metrics-reader unchanged
clusterrole.rbac.authorization.k8s.io/plugin-pgbackrest unchanged
rolebinding.rbac.authorization.k8s.io/leader-election-rolebinding unchanged
clusterrolebinding.rbac.authorization.k8s.io/metrics-auth-rolebinding configured
clusterrolebinding.rbac.authorization.k8s.io/plugin-pgbackrest-binding unchanged
secret/plugin-pgbackrest-69km82cfhg unchanged
service/pgbackrest unchanged
deployment.apps/pgbackrest configured
certificate.cert-manager.io/pgbackrest-client unchanged
certificate.cert-manager.io/pgbackrest-server unchanged
issuer.cert-manager.io/selfsigned-issuer unchanged
customresourcedefinition.apiextensions.k8s.io/pluginconfigs.pgbackrest.dalibo.com unchanged
customresourcedefinition.apiextensions.k8s.io/stanzas.pgbackrest.dalibo.com unchanged
serviceaccount/pgbackrest-controller unchanged
role.rbac.authorization.k8s.io/dalibo-leader-election-role unchanged
clusterrole.rbac.authorization.k8s.io/metrics-auth-role unchanged
clusterrole.rbac.authorization.k8s.io/metrics-reader unchanged
clusterrole.rbac.authorization.k8s.io/pgbackrest-controller unchanged
clusterrole.rbac.authorization.k8s.io/stanza-admin-role unchanged
clusterrole.rbac.authorization.k8s.io/stanza-editor-role unchanged
clusterrole.rbac.authorization.k8s.io/stanza-viewer-role unchanged
rolebinding.rbac.authorization.k8s.io/dalibo-leader-election-rolebinding unchanged
clusterrolebinding.rbac.authorization.k8s.io/metrics-auth-rolebinding configured
clusterrolebinding.rbac.authorization.k8s.io/pgbackrest-controller-binding unchanged
secret/plugin-pgbackrest-t97787c98t configured
service/pgbackrest-dalibo unchanged
deployment.apps/pgbackrest-controller unchanged
certificate.cert-manager.io/pgbackrest-controller-client unchanged
certificate.cert-manager.io/pgbackrest-controller-server unchanged
issuer.cert-manager.io/selfsigned-issuer unchanged
deployment "barman-cloud" successfully rolled out
deployment "pgbackrest" successfully rolled out
deployment "pgbackrest-controller" successfully rolled out
── Creating S3 credentials secret...
secret/s3-creds unchanged
── Creating plugin object store configs...
objectstore.barmancloud.cnpg.io/barman-store unchanged
archive.pgbackrest.cnpg.opera.com/opera-archive configured
stanza.pgbackrest.dalibo.com/dalibo-stanza configured
Bootstrap complete.


════════════════════════════════════════════
SIZE: 128GB  (SF=8600)
════════════════════════════════════════════
  Creating source cluster (no plugin — plugin attached after pgbench init)...
cluster.postgresql.cnpg.io/src-pg created
cluster.postgresql.cnpg.io/src-pg condition met
  Source cluster ready
  pgbench init 128GB... 2026-06-04T01:51:03Z
DROP TABLE
  pgbench init done: 126GB 2026-06-04T02:01:37Z
19/C6E04088

  ── barman ────────────────────────────────── 2026-06-04T02:01:38Z
  Clearing S3 buckets...
  cnpg12-barman already empty
  cnpg12-opera already empty
  cnpg12-dalibo already empty
  Attaching barman plugin to source cluster...
cluster.postgresql.cnpg.io/src-pg patched
cluster.postgresql.cnpg.io/src-pg condition met
  Plugin attached
backup.postgresql.cnpg.io/init-barman-128 created
  init-barman-128: done

    Patching jobs=1...
objectstore.barmancloud.cnpg.io/barman-store patched

  BACKUP 128GB barman jobs=1... 2026-06-04T02:06:20Z
pod/stats-collector created
pod/stats-collector condition met
/bin/vmstat
/usr/bin/pidstat
backup.postgresql.cnpg.io/barman-j1-128 created
pod "stats-collector" deleted from kube-system namespace
    -> 235s 2026-06-04T02:10:32Z

    Patching jobs=8...
objectstore.barmancloud.cnpg.io/barman-store patched

  BACKUP 128GB barman jobs=8... 2026-06-04T02:11:48Z
pod/stats-collector created
pod/stats-collector condition met
/bin/vmstat
/usr/bin/pidstat
backup.postgresql.cnpg.io/barman-j8-128 created
pod "stats-collector" deleted from kube-system namespace
    -> 125s 2026-06-04T02:14:06Z

    Patching jobs=32...
objectstore.barmancloud.cnpg.io/barman-store patched

  BACKUP 128GB barman jobs=32... 2026-06-04T02:15:22Z
pod/stats-collector created
pod/stats-collector condition met
/bin/vmstat
/usr/bin/pidstat
backup.postgresql.cnpg.io/barman-j32-128 created
pod "stats-collector" deleted from kube-system namespace
    -> 119s 2026-06-04T02:17:33Z

    Patching jobs=64...
objectstore.barmancloud.cnpg.io/barman-store patched

  BACKUP 128GB barman jobs=64... 2026-06-04T02:18:49Z
pod/stats-collector created
pod/stats-collector condition met
/bin/vmstat
/usr/bin/pidstat
backup.postgresql.cnpg.io/barman-j64-128 created
pod "stats-collector" deleted from kube-system namespace
    -> 121s 2026-06-04T02:21:02Z

    Patching jobs=128...
objectstore.barmancloud.cnpg.io/barman-store patched

  BACKUP 128GB barman jobs=128... 2026-06-04T02:22:19Z
pod/stats-collector created
pod/stats-collector condition met
/bin/vmstat
/usr/bin/pidstat
backup.postgresql.cnpg.io/barman-j128-128 created
pod "stats-collector" deleted from kube-system namespace
    -> 119s 2026-06-04T02:24:31Z
  Using backupID: 20260604T022233 (from barman-j128-128)

  RESTORE 128GB barman jobs=1... 2026-06-04T02:25:32Z
cluster.postgresql.cnpg.io/rst-barman-j1-128 created
pod/stats-collector created
pod/stats-collector condition met
/bin/vmstat
/usr/bin/pidstat
cluster.postgresql.cnpg.io/rst-barman-j1-128 condition met
pod "stats-collector" deleted from kube-system namespace
    -> 443s 2026-06-04T02:33:08Z
  Deleting cluster rst-barman-j1-128...
cluster.postgresql.cnpg.io "rst-barman-j1-128" deleted from default namespace
pod/rst-barman-j1-128-1 condition met
  Cluster rst-barman-j1-128 deleted
objectstore.barmancloud.cnpg.io/barman-store patched
archive.pgbackrest.cnpg.opera.com/opera-archive patched

  ── opera ────────────────────────────────── 2026-06-04T02:34:19Z
  Clearing S3 buckets...
  cleared cnpg12-barman (36 objects)
  cnpg12-opera already empty
  cnpg12-dalibo already empty
  Attaching opera plugin to source cluster...
cluster.postgresql.cnpg.io/src-pg patched
cluster.postgresql.cnpg.io/src-pg condition met
  Plugin attached
  Restarting Opera pod to clear stale locks...
pod "src-pg-1" deleted from default namespace
cluster.postgresql.cnpg.io/src-pg condition met
  Opera pod restarted (stanza-create will run during init backup)
backup.postgresql.cnpg.io/init-opera-128 created
  init-opera-128: done

    Patching jobs=1...
archive.pgbackrest.cnpg.opera.com/opera-archive patched (no change)

  BACKUP 128GB opera jobs=1... 2026-06-04T02:45:25Z
pod/stats-collector created
pod/stats-collector condition met
/bin/vmstat
/usr/bin/pidstat
backup.postgresql.cnpg.io/opera-j1-128 created
pod "stats-collector" deleted from kube-system namespace
    -> 515s 2026-06-04T02:54:13Z

    Patching jobs=8...
archive.pgbackrest.cnpg.opera.com/opera-archive patched

  BACKUP 128GB opera jobs=8... 2026-06-04T02:55:29Z
pod/stats-collector created
pod/stats-collector condition met
/bin/vmstat
/usr/bin/pidstat
backup.postgresql.cnpg.io/opera-j8-128 created
pod "stats-collector" deleted from kube-system namespace
    -> 77s 2026-06-04T02:56:59Z

    Patching jobs=32...
archive.pgbackrest.cnpg.opera.com/opera-archive patched

  BACKUP 128GB opera jobs=32... 2026-06-04T02:58:15Z
pod/stats-collector created
pod/stats-collector condition met
/bin/vmstat
/usr/bin/pidstat
backup.postgresql.cnpg.io/opera-j32-128 created
pod "stats-collector" deleted from kube-system namespace
    -> 34s 2026-06-04T02:59:02Z

    Patching jobs=64...
archive.pgbackrest.cnpg.opera.com/opera-archive patched

  BACKUP 128GB opera jobs=64... 2026-06-04T03:00:19Z
pod/stats-collector created
pod/stats-collector condition met
/bin/vmstat
/usr/bin/pidstat
backup.postgresql.cnpg.io/opera-j64-128 created
pod "stats-collector" deleted from kube-system namespace
    -> 29s 2026-06-04T03:01:00Z

    Patching jobs=128...
archive.pgbackrest.cnpg.opera.com/opera-archive patched

  BACKUP 128GB opera jobs=128... 2026-06-04T03:02:16Z
pod/stats-collector created
pod/stats-collector condition met
/bin/vmstat
/usr/bin/pidstat
backup.postgresql.cnpg.io/opera-j128-128 created
pod "stats-collector" deleted from kube-system namespace
    -> 28s 2026-06-04T03:02:56Z
  Using backupID: 20260604-030230F (from opera-j128-128)

  RESTORE 128GB opera jobs=1... 2026-06-04T03:03:58Z
cluster.postgresql.cnpg.io/rst-opera-j1-128 created
pod/stats-collector created
pod/stats-collector condition met
/bin/vmstat
/usr/bin/pidstat
cluster.postgresql.cnpg.io/rst-opera-j1-128 condition met
pod "stats-collector" deleted from kube-system namespace
    -> 881s 2026-06-04T03:18:53Z
  Deleting cluster rst-opera-j1-128...
cluster.postgresql.cnpg.io "rst-opera-j1-128" deleted from default namespace
pod/rst-opera-j1-128-1 condition met
  Cluster rst-opera-j1-128 deleted
archive.pgbackrest.cnpg.opera.com/opera-archive patched

  RESTORE 128GB opera jobs=8... 2026-06-04T03:20:19Z
cluster.postgresql.cnpg.io/rst-opera-j8-128 created
pod/stats-collector created
pod/stats-collector condition met
/bin/vmstat
/usr/bin/pidstat
cluster.postgresql.cnpg.io/rst-opera-j8-128 condition met
pod "stats-collector" deleted from kube-system namespace
    -> 204s 2026-06-04T03:23:56Z
  Deleting cluster rst-opera-j8-128...
cluster.postgresql.cnpg.io "rst-opera-j8-128" deleted from default namespace
pod/rst-opera-j8-128-1 condition met
  Cluster rst-opera-j8-128 deleted
archive.pgbackrest.cnpg.opera.com/opera-archive patched

  RESTORE 128GB opera jobs=32... 2026-06-04T03:25:21Z
cluster.postgresql.cnpg.io/rst-opera-j32-128 created
pod/stats-collector created
pod/stats-collector condition met
/bin/vmstat
/usr/bin/pidstat
cluster.postgresql.cnpg.io/rst-opera-j32-128 condition met
pod "stats-collector" deleted from kube-system namespace
    -> 169s 2026-06-04T03:28:23Z
  Deleting cluster rst-opera-j32-128...
cluster.postgresql.cnpg.io "rst-opera-j32-128" deleted from default namespace
pod/rst-opera-j32-128-1 condition met
  Cluster rst-opera-j32-128 deleted
archive.pgbackrest.cnpg.opera.com/opera-archive patched

  RESTORE 128GB opera jobs=64... 2026-06-04T03:29:48Z
cluster.postgresql.cnpg.io/rst-opera-j64-128 created
pod/stats-collector created
pod/stats-collector condition met
/bin/vmstat
/usr/bin/pidstat
cluster.postgresql.cnpg.io/rst-opera-j64-128 condition met
pod "stats-collector" deleted from kube-system namespace
    -> 171s 2026-06-04T03:32:52Z
  Deleting cluster rst-opera-j64-128...
cluster.postgresql.cnpg.io "rst-opera-j64-128" deleted from default namespace
pod/rst-opera-j64-128-1 condition met
  Cluster rst-opera-j64-128 deleted
archive.pgbackrest.cnpg.opera.com/opera-archive patched

  RESTORE 128GB opera jobs=128... 2026-06-04T03:34:17Z
cluster.postgresql.cnpg.io/rst-opera-j128-128 created
pod/stats-collector created
pod/stats-collector condition met
/bin/vmstat
/usr/bin/pidstat
cluster.postgresql.cnpg.io/rst-opera-j128-128 condition met
pod "stats-collector" deleted from kube-system namespace
    -> 168s 2026-06-04T03:37:18Z
  Deleting cluster rst-opera-j128-128...
cluster.postgresql.cnpg.io "rst-opera-j128-128" deleted from default namespace
pod/rst-opera-j128-128-1 condition met
  Cluster rst-opera-j128-128 deleted
objectstore.barmancloud.cnpg.io/barman-store patched (no change)
archive.pgbackrest.cnpg.opera.com/opera-archive patched

  ── dalibo ────────────────────────────────── 2026-06-04T03:38:29Z
  Clearing S3 buckets...
  cnpg12-barman already empty
  cleared cnpg12-opera (8492 objects)
  cnpg12-dalibo already empty
  Attaching dalibo plugin to source cluster...
cluster.postgresql.cnpg.io/src-pg patched
cluster.postgresql.cnpg.io/src-pg condition met
  Plugin attached
  Restarting Dalibo pod to reset stanza state...
pod "src-pg-1" deleted from default namespace
cluster.postgresql.cnpg.io/src-pg condition met
19/E9001158
  Waiting for Dalibo ContinuousArchiving=True (up to 15 min)...
  Dalibo archiving healthy
backup.postgresql.cnpg.io/init-dalibo-128 created
  init-dalibo-128: done

    Patching jobs=1...

  BACKUP 128GB dalibo jobs=1... 2026-06-04T03:50:31Z
pod/stats-collector created
pod/stats-collector condition met
/bin/vmstat
/usr/bin/pidstat
backup.postgresql.cnpg.io/dalibo-j1-128 created
pod "stats-collector" deleted from kube-system namespace
    -> 498s 2026-06-04T03:59:02Z
  Using backupID: 20260604-035045F (from dalibo-j1-128)

  RESTORE 128GB dalibo jobs=1... 2026-06-04T04:00:03Z
cluster.postgresql.cnpg.io/rst-dalibo-j1-128 created
pod/stats-collector created
pod/stats-collector condition met
/bin/vmstat
/usr/bin/pidstat
cluster.postgresql.cnpg.io/rst-dalibo-j1-128 condition met
pod "stats-collector" deleted from kube-system namespace
    -> 776s 2026-06-04T04:13:12Z
  Deleting cluster rst-dalibo-j1-128...
cluster.postgresql.cnpg.io "rst-dalibo-j1-128" deleted from default namespace
pod/rst-dalibo-j1-128-1 condition met
  Cluster rst-dalibo-j1-128 deleted
objectstore.barmancloud.cnpg.io/barman-store patched (no change)
archive.pgbackrest.cnpg.opera.com/opera-archive patched (no change)
  Deleting cluster src-pg...
cluster.postgresql.cnpg.io "src-pg" deleted from default namespace
pod/src-pg-1 condition met
  Cluster src-pg deleted

════════════════════════════════════════════
T9 COMPLETE — 2026-06-04T04:14:33Z
════════════════════════════════════════════

Results:
size_gb  plugin  jobs  operation  time_sec
128      barman  1     backup     235
128      barman  8     backup     125
128      barman  32    backup     119
128      barman  64    backup     121
128      barman  128   backup     119
128      barman  1     restore    443
128      opera   1     backup     515
128      opera   8     backup     77
128      opera   32    backup     34
128      opera   64    backup     29
128      opera   128   backup     28
128      opera   1     restore    881
128      opera   8     restore    204
128      opera   32    restore    169
128      opera   64    restore    171
128      opera   128   restore    168
128      dalibo  1     backup     498
128      dalibo  1     restore    776

Per-run iostat/vmstat: /home/ubuntu/projects/backups/runs/20260604T014924-full/stats
